<?xml version="1.0" encoding="UTF-8"?><testsuite errors="0" failures="0" name="com.herokuapp.booker.bookerinfo.BookingCURDTestWithSteps" skipped="0" tests="3" time="5.17" timestamp="2022-01-11T17:54:48.568Z[Europe/London]"><testcase classname="com.herokuapp.booker.bookerinfo.BookingCURDTestWithSteps" name="This will create a new booking"/><testcase classname="com.herokuapp.booker.bookerinfo.BookingCURDTestWithSteps" name="Update the booking information and verify the updated information"/><testcase classname="com.herokuapp.booker.bookerinfo.BookingCURDTestWithSteps" name="Delete the booking and verify if the booking is deleted!"/></testsuite>